<?xml version="1.0" encoding="UTF-8"?>
<testng-results ignored="0" total="1" passed="1" failed="0" skipped="0">
  <reporter-output>
  </reporter-output>
  <suite started-at="2023-08-17T03:38:23Z" name="Default suite" finished-at="2023-08-17T03:38:23Z" duration-ms="50">
    <groups>
    </groups>
    <test started-at="2023-08-17T03:38:23Z" name="Default test" finished-at="2023-08-17T03:38:23Z" duration-ms="50">
      <class name="wewet.hghjghghqa$awdfsd">
        <test-method signature="abc()[pri:0, instance:wewet.hghjghghqa$awdfsd@68d279ec]" started-at="2023-08-17T03:38:23Z" name="abc" finished-at="2023-08-17T03:38:23Z" duration-ms="18" status="PASS">
          <reporter-output>
          </reporter-output>
        </test-method> <!-- abc -->
      </class> <!-- wewet.hghjghghqa$awdfsd -->
    </test> <!-- Default test -->
  </suite> <!-- Default suite -->
</testng-results>
